--------------------------------------------------------
Starting WMDP Relearning Sweep on Node: t-100
Date: Tue Apr 14 12:37:45 PM IDT 2026
--------------------------------------------------------
Logging into Hugging Face with token from tokens/hf_token.txt...
[1m[31mCannot authenticate through git-credential as no helper is defined on your machine.
You might have to re-authenticate when pushing to the Hugging Face Hub.
Run the following command in your terminal in case you want to set the 'store' credential helper as default.

git config --global credential.helper store

Read https://git-scm.com/book/en/v2/Git-Tools-Credential-Storage for more details.[0m
Logging into Weights & Biases with token from tokens/wandb_token.txt...
Starting on GPU 0: args=('wmdp', 1e-05, ('gemma-2-2b', PosixPath('/home/morg/students/rashkovits/Localized-UNDO/models/wmdp/gemma-2-2b')), ('bio-forget/retain', (['/home/morg/students/rashkovits/Localized-UNDO/datasets/pretrain/train_bio_remove_dataset.jsonl', '/home/morg/students/rashkovits/Localized-UNDO/datasets/pretrain/train_bio_retain_dataset.jsonl'], [0.5, 0.5])), 42, False)
Logging into Hugging Face with token from tokens/hf_token.txt...
[1m[31mCannot authenticate through git-credential as no helper is defined on your machine.
You might have to re-authenticate when pushing to the Hugging Face Hub.
Run the following command in your terminal in case you want to set the 'store' credential helper as default.

git config --global credential.helper store

Read https://git-scm.com/book/en/v2/Git-Tools-Credential-Storage for more details.[0m
Logging into Weights & Biases with token from tokens/wandb_token.txt...
[relearn.py] Initiated relearn with:
{'model_name': '/home/morg/students/rashkovits/Localized-UNDO/models/wmdp/gemma-2-2b', 'train_files': ['/home/morg/students/rashkovits/Localized-UNDO/datasets/pretrain/train_bio_remove_dataset.jsonl', '/home/morg/students/rashkovits/Localized-UNDO/datasets/pretrain/train_bio_retain_dataset.jsonl'], 'eval_fn': <function get_wmdp_bio_eval_fn.<locals>.<lambda> at 0x7e2db09bd480>, 'accelerator': <accelerate.accelerator.Accelerator object at 0x7e2db099f070>, 'join_or_subsequence': True, 'interleave_probs': [0.5, 0.5], 'output_dir': '/home/morg/students/rashkovits/Localized-UNDO/models/wmdp/relearned_models/data-bio-forget/retain_lr-1e-05_model-gemma-2-2b_seed-42_sparse-evals', 'cache_dir': PosixPath('/home/morg/students/rashkovits/Localized-UNDO/.cache'), 'dataset_cache_dir': PosixPath('/home/morg/students/rashkovits/Localized-UNDO/.cache'), 'seed': 42, 'device': 'cuda', 'batch_size': 20, 'gradient_accumulation_steps': 1, 'epochs': 5, 'max_steps': 500, 'validation_steps': [10, 25, 50, 150, 500], 'save_checkpoint_steps': 999, 'scheduler_type': 'cosine', 'weight_decay': 0.0, 'gradient_clipping_threshold': 1.0, 'max_length': 256, 'use_wandb': True, 'wandb_project': 'relearn_bio', 'wandb_run_name': 'data-bio-forget/retain_lr-1e-05_model-gemma-2-2b_seed-42_sparse-evals', 'use_local_record': True, 'path_local_record': '/home/morg/students/rashkovits/Localized-UNDO/models/wmdp/local_records/relearned_models/data-bio-forget/retain_lr-1e-05_model-gemma-2-2b_seed-42_sparse-evals.txt', 'stopping_strategy': 'all_exhausted', 'overwrite_ok': True, 'save_models': False, 'shrink_perturb_relearning': 0, 'train_percent': None, 'print_message': True, 'learning_rate': 1e-05, 'min_lr': 1e-05, 'num_warmup_steps': 1}
[loss_functions.py/custom_makedirs] Directory or file already exists: /home/morg/students/rashkovits/Localized-UNDO/models/wmdp/relearned_models/data-bio-forget/retain_lr-1e-05_model-gemma-2-2b_seed-42_sparse-evals
[loss_functions.py/custom_makedirs] Directory or file already exists: /home/morg/students/rashkovits/Localized-UNDO/models/wmdp/local_records/relearned_models/data-bio-forget/retain_lr-1e-05_model-gemma-2-2b_seed-42_sparse-evals.txt
[relearn.py] Loading model /home/morg/students/rashkovits/Localized-UNDO/models/wmdp/gemma-2-2b
[pretrain.py] Loading train dataset from /home/morg/students/rashkovits/Localized-UNDO/datasets/pretrain/train_bio_remove_dataset.jsonl
[pretrain.py] Loading train dataset from /home/morg/students/rashkovits/Localized-UNDO/datasets/pretrain/train_bio_retain_dataset.jsonl
[process_dataset.py] Created sliding windows of length 256
[pretrain.py] Interleave: [0.5, 0.5] for datasets with lengths [10181, 28804]
[pretrain.py] Train dataset size: 57348
[relearn.py] 2868 steps per epoch, 500 steps total
[relearn.py] Using AdamW optimizer, LR=1e-05, weight_decay=0.0
[relearn.py] Running initial validation before training
[relearn.py] Starting training
[relearn.py] Epoch 1/5
[relearn.py] Epoch 1/5, Step 1/500, CE loss: 4.812500
[relearn.py] Epoch 1/5, Step 5/500, CE loss: 2.843750
[relearn.py] Epoch 1/5, Step 10/500, CE loss: 2.359375
[relearn.py] Running validation ...
Logging into Hugging Face with token from tokens/hf_token.txt...
[1m[31mCannot authenticate through git-credential as no helper is defined on your machine.
You might have to re-authenticate when pushing to the Hugging Face Hub.
Run the following command in your terminal in case you want to set the 'store' credential helper as default.

git config --global credential.helper store

Read https://git-scm.com/book/en/v2/Git-Tools-Credential-Storage for more details.[0m
Logging into Weights & Biases with token from tokens/wandb_token.txt...
[validation_functions.py] Setting wmdp_bio few shot to [0]
[validation_functions.py] Validation Results:
[validation_functions.py] 	wmdp_bio_limit_None_shots_0: 0.5773762765121759
[validation_functions.py] 	wmdp_bio time: 52.5977566242218
[validation_functions.py] 	total time: 55.11713433265686
[relearn.py] Epoch 1/5, Step 15/500, CE loss: 2.562500
[relearn.py] Epoch 1/5, Step 20/500, CE loss: 2.500000
[relearn.py] Epoch 1/5, Step 25/500, CE loss: 2.453125
[relearn.py] Running validation ...
Logging into Hugging Face with token from tokens/hf_token.txt...
[1m[31mCannot authenticate through git-credential as no helper is defined on your machine.
You might have to re-authenticate when pushing to the Hugging Face Hub.
Run the following command in your terminal in case you want to set the 'store' credential helper as default.

git config --global credential.helper store

Read https://git-scm.com/book/en/v2/Git-Tools-Credential-Storage for more details.[0m
Logging into Weights & Biases with token from tokens/wandb_token.txt...
[validation_functions.py] Setting wmdp_bio few shot to [0]
[validation_functions.py] Validation Results:
[validation_functions.py] 	wmdp_bio_limit_None_shots_0: 0.5718774548311076
[validation_functions.py] 	wmdp_bio time: 46.06874990463257
[validation_functions.py] 	total time: 48.36608839035034
[relearn.py] Epoch 1/5, Step 30/500, CE loss: 2.343750
[relearn.py] Epoch 1/5, Step 35/500, CE loss: 2.406250
[relearn.py] Epoch 1/5, Step 40/500, CE loss: 2.390625
[relearn.py] Epoch 1/5, Step 45/500, CE loss: 2.328125
[relearn.py] Epoch 1/5, Step 50/500, CE loss: 2.171875
[relearn.py] Running validation ...
Logging into Hugging Face with token from tokens/hf_token.txt...
[1m[31mCannot authenticate through git-credential as no helper is defined on your machine.
You might have to re-authenticate when pushing to the Hugging Face Hub.
Run the following command in your terminal in case you want to set the 'store' credential helper as default.

git config --global credential.helper store

Read https://git-scm.com/book/en/v2/Git-Tools-Credential-Storage for more details.[0m
Logging into Weights & Biases with token from tokens/wandb_token.txt...
[validation_functions.py] Setting wmdp_bio few shot to [0]
[validation_functions.py] Validation Results:
[validation_functions.py] 	wmdp_bio_limit_None_shots_0: 0.5836606441476826
[validation_functions.py] 	wmdp_bio time: 45.482441663742065
[validation_functions.py] 	total time: 47.88646864891052
[relearn.py] Epoch 1/5, Step 55/500, CE loss: 2.468750
[relearn.py] Epoch 1/5, Step 60/500, CE loss: 2.468750
[relearn.py] Epoch 1/5, Step 65/500, CE loss: 2.312500
[relearn.py] Epoch 1/5, Step 70/500, CE loss: 2.296875
[relearn.py] Epoch 1/5, Step 75/500, CE loss: 2.281250
[relearn.py] Epoch 1/5, Step 80/500, CE loss: 2.187500
[relearn.py] Epoch 1/5, Step 85/500, CE loss: 2.234375
[relearn.py] Epoch 1/5, Step 90/500, CE loss: 2.265625
[relearn.py] Epoch 1/5, Step 95/500, CE loss: 2.421875
[relearn.py] Epoch 1/5, Step 100/500, CE loss: 2.437500
[relearn.py] Epoch 1/5, Step 105/500, CE loss: 2.328125
[relearn.py] Epoch 1/5, Step 110/500, CE loss: 2.234375
[relearn.py] Epoch 1/5, Step 115/500, CE loss: 2.062500
[relearn.py] Epoch 1/5, Step 120/500, CE loss: 2.453125
[relearn.py] Epoch 1/5, Step 125/500, CE loss: 2.156250
[relearn.py] Epoch 1/5, Step 130/500, CE loss: 2.343750
[relearn.py] Epoch 1/5, Step 135/500, CE loss: 2.359375
[relearn.py] Epoch 1/5, Step 140/500, CE loss: 2.265625
[relearn.py] Epoch 1/5, Step 145/500, CE loss: 2.359375
[relearn.py] Epoch 1/5, Step 150/500, CE loss: 2.265625
[relearn.py] Running validation ...
Logging into Hugging Face with token from tokens/hf_token.txt...
[1m[31mCannot authenticate through git-credential as no helper is defined on your machine.
You might have to re-authenticate when pushing to the Hugging Face Hub.
Run the following command in your terminal in case you want to set the 'store' credential helper as default.

git config --global credential.helper store

Read https://git-scm.com/book/en/v2/Git-Tools-Credential-Storage for more details.[0m
Logging into Weights & Biases with token from tokens/wandb_token.txt...
[validation_functions.py] Setting wmdp_bio few shot to [0]
[validation_functions.py] Validation Results:
[validation_functions.py] 	wmdp_bio_limit_None_shots_0: 0.5868028279654359
[validation_functions.py] 	wmdp_bio time: 47.42314577102661
[validation_functions.py] 	total time: 49.943785190582275
[relearn.py] Epoch 1/5, Step 155/500, CE loss: 2.296875
[relearn.py] Epoch 1/5, Step 160/500, CE loss: 2.265625
[relearn.py] Epoch 1/5, Step 165/500, CE loss: 2.265625
[relearn.py] Epoch 1/5, Step 170/500, CE loss: 2.359375
[relearn.py] Epoch 1/5, Step 175/500, CE loss: 2.390625
[relearn.py] Epoch 1/5, Step 180/500, CE loss: 2.000000
[relearn.py] Epoch 1/5, Step 185/500, CE loss: 2.234375
[relearn.py] Epoch 1/5, Step 190/500, CE loss: 2.250000
[relearn.py] Epoch 1/5, Step 195/500, CE loss: 2.156250
[relearn.py] Epoch 1/5, Step 200/500, CE loss: 2.296875
[relearn.py] Epoch 1/5, Step 205/500, CE loss: 2.281250
[relearn.py] Epoch 1/5, Step 210/500, CE loss: 2.375000
[relearn.py] Epoch 1/5, Step 215/500, CE loss: 2.250000
[relearn.py] Epoch 1/5, Step 220/500, CE loss: 2.421875
[relearn.py] Epoch 1/5, Step 225/500, CE loss: 2.140625
[relearn.py] Epoch 1/5, Step 230/500, CE loss: 2.265625
[relearn.py] Epoch 1/5, Step 235/500, CE loss: 2.312500
[relearn.py] Epoch 1/5, Step 240/500, CE loss: 2.375000
[relearn.py] Epoch 1/5, Step 245/500, CE loss: 2.328125
[relearn.py] Epoch 1/5, Step 250/500, CE loss: 2.156250
[relearn.py] Epoch 1/5, Step 255/500, CE loss: 2.328125
[relearn.py] Epoch 1/5, Step 260/500, CE loss: 2.234375
[relearn.py] Epoch 1/5, Step 265/500, CE loss: 2.296875
[relearn.py] Epoch 1/5, Step 270/500, CE loss: 2.265625
[relearn.py] Epoch 1/5, Step 275/500, CE loss: 2.125000
[relearn.py] Epoch 1/5, Step 280/500, CE loss: 2.125000
[relearn.py] Epoch 1/5, Step 285/500, CE loss: 2.328125
[relearn.py] Epoch 1/5, Step 290/500, CE loss: 2.234375
[relearn.py] Epoch 1/5, Step 295/500, CE loss: 2.406250
[relearn.py] Epoch 1/5, Step 300/500, CE loss: 2.328125
[relearn.py] Epoch 1/5, Step 305/500, CE loss: 2.281250
[relearn.py] Epoch 1/5, Step 310/500, CE loss: 2.437500
[relearn.py] Epoch 1/5, Step 315/500, CE loss: 1.992188
[relearn.py] Epoch 1/5, Step 320/500, CE loss: 2.281250
[relearn.py] Epoch 1/5, Step 325/500, CE loss: 2.218750
[relearn.py] Epoch 1/5, Step 330/500, CE loss: 2.218750
[relearn.py] Epoch 1/5, Step 335/500, CE loss: 2.265625
[relearn.py] Epoch 1/5, Step 340/500, CE loss: 2.015625
[relearn.py] Epoch 1/5, Step 345/500, CE loss: 2.281250
[relearn.py] Epoch 1/5, Step 350/500, CE loss: 2.203125
[relearn.py] Epoch 1/5, Step 355/500, CE loss: 2.234375
[relearn.py] Epoch 1/5, Step 360/500, CE loss: 2.312500
[relearn.py] Epoch 1/5, Step 365/500, CE loss: 2.296875
[relearn.py] Epoch 1/5, Step 370/500, CE loss: 2.078125
[relearn.py] Epoch 1/5, Step 375/500, CE loss: 2.015625
[relearn.py] Epoch 1/5, Step 380/500, CE loss: 2.187500
[relearn.py] Epoch 1/5, Step 385/500, CE loss: 2.390625
[relearn.py] Epoch 1/5, Step 390/500, CE loss: 2.171875
[relearn.py] Epoch 1/5, Step 395/500, CE loss: 2.156250
[relearn.py] Epoch 1/5, Step 400/500, CE loss: 2.156250
[relearn.py] Epoch 1/5, Step 405/500, CE loss: 2.093750
[relearn.py] Epoch 1/5, Step 410/500, CE loss: 2.203125
[relearn.py] Epoch 1/5, Step 415/500, CE loss: 2.062500
[relearn.py] Epoch 1/5, Step 420/500, CE loss: 2.218750
[relearn.py] Epoch 1/5, Step 425/500, CE loss: 2.250000
[relearn.py] Epoch 1/5, Step 430/500, CE loss: 2.218750
[relearn.py] Epoch 1/5, Step 435/500, CE loss: 2.125000
[relearn.py] Epoch 1/5, Step 440/500, CE loss: 2.328125
[relearn.py] Epoch 1/5, Step 445/500, CE loss: 2.125000
[relearn.py] Epoch 1/5, Step 450/500, CE loss: 2.046875
[relearn.py] Epoch 1/5, Step 455/500, CE loss: 2.187500
[relearn.py] Epoch 1/5, Step 460/500, CE loss: 2.250000
[relearn.py] Epoch 1/5, Step 465/500, CE loss: 2.125000
[relearn.py] Epoch 1/5, Step 470/500, CE loss: 2.328125
[relearn.py] Epoch 1/5, Step 475/500, CE loss: 2.171875
[relearn.py] Epoch 1/5, Step 480/500, CE loss: 2.171875
[relearn.py] Epoch 1/5, Step 485/500, CE loss: 2.218750
[relearn.py] Epoch 1/5, Step 490/500, CE loss: 2.296875
[relearn.py] Epoch 1/5, Step 495/500, CE loss: 2.171875
[relearn.py] Epoch 1/5, Step 500/500, CE loss: 2.296875
[relearn.py] Running validation ...
Logging into Hugging Face with token from tokens/hf_token.txt...
[1m[31mCannot authenticate through git-credential as no helper is defined on your machine.
You might have to re-authenticate when pushing to the Hugging Face Hub.
Run the following command in your terminal in case you want to set the 'store' credential helper as default.

git config --global credential.helper store

Read https://git-scm.com/book/en/v2/Git-Tools-Credential-Storage for more details.[0m
Logging into Weights & Biases with token from tokens/wandb_token.txt...
[validation_functions.py] Setting wmdp_bio few shot to [0]
[validation_functions.py] Validation Results:
[validation_functions.py] 	wmdp_bio_limit_None_shots_0: 0.5852317360565593
[validation_functions.py] 	wmdp_bio time: 46.54169940948486
[validation_functions.py] 	total time: 50.2983500957489
[relearn.py] Reached max_steps => Stopping.
Starting on GPU 0: args=('wmdp', 2.15e-05, ('gemma-2-2b', PosixPath('/home/morg/students/rashkovits/Localized-UNDO/models/wmdp/gemma-2-2b')), ('bio-forget/retain', (['/home/morg/students/rashkovits/Localized-UNDO/datasets/pretrain/train_bio_remove_dataset.jsonl', '/home/morg/students/rashkovits/Localized-UNDO/datasets/pretrain/train_bio_retain_dataset.jsonl'], [0.5, 0.5])), 42, False)
Logging into Hugging Face with token from tokens/hf_token.txt...
[1m[31mCannot authenticate through git-credential as no helper is defined on your machine.
You might have to re-authenticate when pushing to the Hugging Face Hub.
Run the following command in your terminal in case you want to set the 'store' credential helper as default.

git config --global credential.helper store

Read https://git-scm.com/book/en/v2/Git-Tools-Credential-Storage for more details.[0m
Logging into Weights & Biases with token from tokens/wandb_token.txt...
[relearn.py] Initiated relearn with:
{'model_name': '/home/morg/students/rashkovits/Localized-UNDO/models/wmdp/gemma-2-2b', 'train_files': ['/home/morg/students/rashkovits/Localized-UNDO/datasets/pretrain/train_bio_remove_dataset.jsonl', '/home/morg/students/rashkovits/Localized-UNDO/datasets/pretrain/train_bio_retain_dataset.jsonl'], 'eval_fn': <function get_wmdp_bio_eval_fn.<locals>.<lambda> at 0x7a11c77c5480>, 'accelerator': <accelerate.accelerator.Accelerator object at 0x7a11c77a70a0>, 'join_or_subsequence': True, 'interleave_probs': [0.5, 0.5], 'output_dir': '/home/morg/students/rashkovits/Localized-UNDO/models/wmdp/relearned_models/data-bio-forget/retain_lr-2.15e-05_model-gemma-2-2b_seed-42_sparse-evals', 'cache_dir': PosixPath('/home/morg/students/rashkovits/Localized-UNDO/.cache'), 'dataset_cache_dir': PosixPath('/home/morg/students/rashkovits/Localized-UNDO/.cache'), 'seed': 42, 'device': 'cuda', 'batch_size': 20, 'gradient_accumulation_steps': 1, 'epochs': 5, 'max_steps': 500, 'validation_steps': [10, 25, 50, 150, 500], 'save_checkpoint_steps': 999, 'scheduler_type': 'cosine', 'weight_decay': 0.0, 'gradient_clipping_threshold': 1.0, 'max_length': 256, 'use_wandb': True, 'wandb_project': 'relearn_bio', 'wandb_run_name': 'data-bio-forget/retain_lr-2.15e-05_model-gemma-2-2b_seed-42_sparse-evals', 'use_local_record': True, 'path_local_record': '/home/morg/students/rashkovits/Localized-UNDO/models/wmdp/local_records/relearned_models/data-bio-forget/retain_lr-2.15e-05_model-gemma-2-2b_seed-42_sparse-evals.txt', 'stopping_strategy': 'all_exhausted', 'overwrite_ok': True, 'save_models': False, 'shrink_perturb_relearning': 0, 'train_percent': None, 'print_message': True, 'learning_rate': 2.15e-05, 'min_lr': 2.15e-05, 'num_warmup_steps': 1}
[loss_functions.py/custom_makedirs] Directory or file already exists: /home/morg/students/rashkovits/Localized-UNDO/models/wmdp/relearned_models/data-bio-forget/retain_lr-2.15e-05_model-gemma-2-2b_seed-42_sparse-evals
[loss_functions.py/custom_makedirs] Directory or file already exists: /home/morg/students/rashkovits/Localized-UNDO/models/wmdp/local_records/relearned_models/data-bio-forget/retain_lr-2.15e-05_model-gemma-2-2b_seed-42_sparse-evals.txt
[relearn.py] Loading model /home/morg/students/rashkovits/Localized-UNDO/models/wmdp/gemma-2-2b
[pretrain.py] Loading train dataset from /home/morg/students/rashkovits/Localized-UNDO/datasets/pretrain/train_bio_remove_dataset.jsonl
[pretrain.py] Loading train dataset from /home/morg/students/rashkovits/Localized-UNDO/datasets/pretrain/train_bio_retain_dataset.jsonl
[process_dataset.py] Created sliding windows of length 256
[pretrain.py] Interleave: [0.5, 0.5] for datasets with lengths [10181, 28804]
[pretrain.py] Train dataset size: 57348
[relearn.py] 2868 steps per epoch, 500 steps total
[relearn.py] Using AdamW optimizer, LR=2.15e-05, weight_decay=0.0
[relearn.py] Running initial validation before training
[relearn.py] Starting training
[relearn.py] Epoch 1/5
[relearn.py] Epoch 1/5, Step 1/500, CE loss: 4.812500
[relearn.py] Epoch 1/5, Step 5/500, CE loss: 2.640625
[relearn.py] Epoch 1/5, Step 10/500, CE loss: 2.250000
[relearn.py] Running validation ...
Logging into Hugging Face with token from tokens/hf_token.txt...
[1m[31mCannot authenticate through git-credential as no helper is defined on your machine.
You might have to re-authenticate when pushing to the Hugging Face Hub.
Run the following command in your terminal in case you want to set the 'store' credential helper as default.

git config --global credential.helper store

Read https://git-scm.com/book/en/v2/Git-Tools-Credential-Storage for more details.[0m
Logging into Weights & Biases with token from tokens/wandb_token.txt...
[validation_functions.py] Setting wmdp_bio few shot to [0]
[validation_functions.py] Validation Results:
[validation_functions.py] 	wmdp_bio_limit_None_shots_0: 0.5679497250589159
[validation_functions.py] 	wmdp_bio time: 47.42587757110596
[validation_functions.py] 	total time: 49.899874448776245
[relearn.py] Epoch 1/5, Step 15/500, CE loss: 2.515625
[relearn.py] Epoch 1/5, Step 20/500, CE loss: 2.453125
[relearn.py] Epoch 1/5, Step 25/500, CE loss: 2.453125
[relearn.py] Running validation ...
Logging into Hugging Face with token from tokens/hf_token.txt...
[1m[31mCannot authenticate through git-credential as no helper is defined on your machine.
You might have to re-authenticate when pushing to the Hugging Face Hub.
Run the following command in your terminal in case you want to set the 'store' credential helper as default.

git config --global credential.helper store

Read https://git-scm.com/book/en/v2/Git-Tools-Credential-Storage for more details.[0m
Logging into Weights & Biases with token from tokens/wandb_token.txt...
[validation_functions.py] Setting wmdp_bio few shot to [0]
[validation_functions.py] Validation Results:
[validation_functions.py] 	wmdp_bio_limit_None_shots_0: 0.5663786331500392
[validation_functions.py] 	wmdp_bio time: 46.84116578102112
[validation_functions.py] 	total time: 49.15472459793091
[relearn.py] Epoch 1/5, Step 30/500, CE loss: 2.296875
[relearn.py] Epoch 1/5, Step 35/500, CE loss: 2.406250
[relearn.py] Epoch 1/5, Step 40/500, CE loss: 2.406250
[relearn.py] Epoch 1/5, Step 45/500, CE loss: 2.312500
[relearn.py] Epoch 1/5, Step 50/500, CE loss: 2.171875
[relearn.py] Running validation ...
Logging into Hugging Face with token from tokens/hf_token.txt...
[1m[31mCannot authenticate through git-credential as no helper is defined on your machine.
You might have to re-authenticate when pushing to the Hugging Face Hub.
Run the following command in your terminal in case you want to set the 'store' credential helper as default.

git config --global credential.helper store

Read https://git-scm.com/book/en/v2/Git-Tools-Credential-Storage for more details.[0m
Logging into Weights & Biases with token from tokens/wandb_token.txt...
[validation_functions.py] Setting wmdp_bio few shot to [0]
[validation_functions.py] Validation Results:
[validation_functions.py] 	wmdp_bio_limit_None_shots_0: 0.5545954438334643
[validation_functions.py] 	wmdp_bio time: 46.61583161354065
[validation_functions.py] 	total time: 49.15225887298584
[relearn.py] Epoch 1/5, Step 55/500, CE loss: 2.468750
[relearn.py] Epoch 1/5, Step 60/500, CE loss: 2.484375
[relearn.py] Epoch 1/5, Step 65/500, CE loss: 2.328125
[relearn.py] Epoch 1/5, Step 70/500, CE loss: 2.328125
[relearn.py] Epoch 1/5, Step 75/500, CE loss: 2.265625
[relearn.py] Epoch 1/5, Step 80/500, CE loss: 2.187500
[relearn.py] Epoch 1/5, Step 85/500, CE loss: 2.203125
[relearn.py] Epoch 1/5, Step 90/500, CE loss: 2.265625
[relearn.py] Epoch 1/5, Step 95/500, CE loss: 2.390625
[relearn.py] Epoch 1/5, Step 100/500, CE loss: 2.437500
[relearn.py] Epoch 1/5, Step 105/500, CE loss: 2.328125
[relearn.py] Epoch 1/5, Step 110/500, CE loss: 2.187500
[relearn.py] Epoch 1/5, Step 115/500, CE loss: 2.078125
[relearn.py] Epoch 1/5, Step 120/500, CE loss: 2.390625
[relearn.py] Epoch 1/5, Step 125/500, CE loss: 2.187500
[relearn.py] Epoch 1/5, Step 130/500, CE loss: 2.359375
[relearn.py] Epoch 1/5, Step 135/500, CE loss: 2.375000
[relearn.py] Epoch 1/5, Step 140/500, CE loss: 2.296875
[relearn.py] Epoch 1/5, Step 145/500, CE loss: 2.375000
[relearn.py] Epoch 1/5, Step 150/500, CE loss: 2.250000
[relearn.py] Running validation ...
Logging into Hugging Face with token from tokens/hf_token.txt...
[1m[31mCannot authenticate through git-credential as no helper is defined on your machine.
You might have to re-authenticate when pushing to the Hugging Face Hub.
Run the following command in your terminal in case you want to set the 'store' credential helper as default.

git config --global credential.helper store

Read https://git-scm.com/book/en/v2/Git-Tools-Credential-Storage for more details.[0m
Logging into Weights & Biases with token from tokens/wandb_token.txt...
[validation_functions.py] Setting wmdp_bio few shot to [0]
[validation_functions.py] Validation Results:
[validation_functions.py] 	wmdp_bio_limit_None_shots_0: 0.5593087195600943
[validation_functions.py] 	wmdp_bio time: 47.34892773628235
[validation_functions.py] 	total time: 49.79575777053833
[relearn.py] Epoch 1/5, Step 155/500, CE loss: 2.312500
[relearn.py] Epoch 1/5, Step 160/500, CE loss: 2.281250
[relearn.py] Epoch 1/5, Step 165/500, CE loss: 2.203125
[relearn.py] Epoch 1/5, Step 170/500, CE loss: 2.375000
[relearn.py] Epoch 1/5, Step 175/500, CE loss: 2.421875
[relearn.py] Epoch 1/5, Step 180/500, CE loss: 2.000000
[relearn.py] Epoch 1/5, Step 185/500, CE loss: 2.250000
[relearn.py] Epoch 1/5, Step 190/500, CE loss: 2.250000
[relearn.py] Epoch 1/5, Step 195/500, CE loss: 2.203125
[relearn.py] Epoch 1/5, Step 200/500, CE loss: 2.296875
[relearn.py] Epoch 1/5, Step 205/500, CE loss: 2.296875
[relearn.py] Epoch 1/5, Step 210/500, CE loss: 2.390625
[relearn.py] Epoch 1/5, Step 215/500, CE loss: 2.234375
[relearn.py] Epoch 1/5, Step 220/500, CE loss: 2.375000
[relearn.py] Epoch 1/5, Step 225/500, CE loss: 2.140625
[relearn.py] Epoch 1/5, Step 230/500, CE loss: 2.250000
[relearn.py] Epoch 1/5, Step 235/500, CE loss: 2.281250
[relearn.py] Epoch 1/5, Step 240/500, CE loss: 2.375000
[relearn.py] Epoch 1/5, Step 245/500, CE loss: 2.312500
[relearn.py] Epoch 1/5, Step 250/500, CE loss: 2.140625
[relearn.py] Epoch 1/5, Step 255/500, CE loss: 2.343750
[relearn.py] Epoch 1/5, Step 260/500, CE loss: 2.218750
[relearn.py] Epoch 1/5, Step 265/500, CE loss: 2.328125
[relearn.py] Epoch 1/5, Step 270/500, CE loss: 2.265625
[relearn.py] Epoch 1/5, Step 275/500, CE loss: 2.109375
[relearn.py] Epoch 1/5, Step 280/500, CE loss: 2.140625
[relearn.py] Epoch 1/5, Step 285/500, CE loss: 2.359375
[relearn.py] Epoch 1/5, Step 290/500, CE loss: 2.234375
[relearn.py] Epoch 1/5, Step 295/500, CE loss: 2.375000
[relearn.py] Epoch 1/5, Step 300/500, CE loss: 2.312500
[relearn.py] Epoch 1/5, Step 305/500, CE loss: 2.265625
[relearn.py] Epoch 1/5, Step 310/500, CE loss: 2.406250
[relearn.py] Epoch 1/5, Step 315/500, CE loss: 1.984375
[relearn.py] Epoch 1/5, Step 320/500, CE loss: 2.250000
[relearn.py] Epoch 1/5, Step 325/500, CE loss: 2.234375
[relearn.py] Epoch 1/5, Step 330/500, CE loss: 2.171875
[relearn.py] Epoch 1/5, Step 335/500, CE loss: 2.281250
[relearn.py] Epoch 1/5, Step 340/500, CE loss: 2.031250
[relearn.py] Epoch 1/5, Step 345/500, CE loss: 2.281250
[relearn.py] Epoch 1/5, Step 350/500, CE loss: 2.234375
[relearn.py] Epoch 1/5, Step 355/500, CE loss: 2.234375
[relearn.py] Epoch 1/5, Step 360/500, CE loss: 2.281250
[relearn.py] Epoch 1/5, Step 365/500, CE loss: 2.250000
[relearn.py] Epoch 1/5, Step 370/500, CE loss: 2.062500
[relearn.py] Epoch 1/5, Step 375/500, CE loss: 1.984375
[relearn.py] Epoch 1/5, Step 380/500, CE loss: 2.140625
[relearn.py] Epoch 1/5, Step 385/500, CE loss: 2.359375
[relearn.py] Epoch 1/5, Step 390/500, CE loss: 2.140625
[relearn.py] Epoch 1/5, Step 395/500, CE loss: 2.093750
[relearn.py] Epoch 1/5, Step 400/500, CE loss: 2.093750
[relearn.py] Epoch 1/5, Step 405/500, CE loss: 2.046875
[relearn.py] Epoch 1/5, Step 410/500, CE loss: 2.203125
[relearn.py] Epoch 1/5, Step 415/500, CE loss: 2.046875
[relearn.py] Epoch 1/5, Step 420/500, CE loss: 2.187500
[relearn.py] Epoch 1/5, Step 425/500, CE loss: 2.234375
[relearn.py] Epoch 1/5, Step 430/500, CE loss: 2.234375
[relearn.py] Epoch 1/5, Step 435/500, CE loss: 2.109375
[relearn.py] Epoch 1/5, Step 440/500, CE loss: 2.281250
[relearn.py] Epoch 1/5, Step 445/500, CE loss: 2.140625
[relearn.py] Epoch 1/5, Step 450/500, CE loss: 2.046875
[relearn.py] Epoch 1/5, Step 455/500, CE loss: 2.187500
[relearn.py] Epoch 1/5, Step 460/500, CE loss: 2.203125
[relearn.py] Epoch 1/5, Step 465/500, CE loss: 2.078125
[relearn.py] Epoch 1/5, Step 470/500, CE loss: 2.343750
[relearn.py] Epoch 1/5, Step 475/500, CE loss: 2.187500
[relearn.py] Epoch 1/5, Step 480/500, CE loss: 2.171875
[relearn.py] Epoch 1/5, Step 485/500, CE loss: 2.234375
[relearn.py] Epoch 1/5, Step 490/500, CE loss: 2.265625
[relearn.py] Epoch 1/5, Step 495/500, CE loss: 2.093750
[relearn.py] Epoch 1/5, Step 500/500, CE loss: 2.265625
[relearn.py] Running validation ...
Logging into Hugging Face with token from tokens/hf_token.txt...
[1m[31mCannot authenticate through git-credential as no helper is defined on your machine.
You might have to re-authenticate when pushing to the Hugging Face Hub.
Run the following command in your terminal in case you want to set the 'store' credential helper as default.

git config --global credential.helper store

Read https://git-scm.com/book/en/v2/Git-Tools-Credential-Storage for more details.[0m
Logging into Weights & Biases with token from tokens/wandb_token.txt...
[validation_functions.py] Setting wmdp_bio few shot to [0]
[validation_functions.py] Validation Results:
[validation_functions.py] 	wmdp_bio_limit_None_shots_0: 0.558523173605656
[validation_functions.py] 	wmdp_bio time: 47.18678259849548
[validation_functions.py] 	total time: 49.53414249420166
[relearn.py] Reached max_steps => Stopping.
Starting on GPU 0: args=('wmdp', 4.62e-06, ('gemma-2-2b', PosixPath('/home/morg/students/rashkovits/Localized-UNDO/models/wmdp/gemma-2-2b')), ('bio-forget/retain', (['/home/morg/students/rashkovits/Localized-UNDO/datasets/pretrain/train_bio_remove_dataset.jsonl', '/home/morg/students/rashkovits/Localized-UNDO/datasets/pretrain/train_bio_retain_dataset.jsonl'], [0.5, 0.5])), 42, False)
Logging into Hugging Face with token from tokens/hf_token.txt...
[1m[31mCannot authenticate through git-credential as no helper is defined on your machine.
You might have to re-authenticate when pushing to the Hugging Face Hub.
Run the following command in your terminal in case you want to set the 'store' credential helper as default.

git config --global credential.helper store

Read https://git-scm.com/book/en/v2/Git-Tools-Credential-Storage for more details.[0m
Logging into Weights & Biases with token from tokens/wandb_token.txt...
[relearn.py] Initiated relearn with:
{'model_name': '/home/morg/students/rashkovits/Localized-UNDO/models/wmdp/gemma-2-2b', 'train_files': ['/home/morg/students/rashkovits/Localized-UNDO/datasets/pretrain/train_bio_remove_dataset.jsonl', '/home/morg/students/rashkovits/Localized-UNDO/datasets/pretrain/train_bio_retain_dataset.jsonl'], 'eval_fn': <function get_wmdp_bio_eval_fn.<locals>.<lambda> at 0x744ad2bb1480>, 'accelerator': <accelerate.accelerator.Accelerator object at 0x744ad2b930d0>, 'join_or_subsequence': True, 'interleave_probs': [0.5, 0.5], 'output_dir': '/home/morg/students/rashkovits/Localized-UNDO/models/wmdp/relearned_models/data-bio-forget/retain_lr-4.62e-06_model-gemma-2-2b_seed-42_sparse-evals', 'cache_dir': PosixPath('/home/morg/students/rashkovits/Localized-UNDO/.cache'), 'dataset_cache_dir': PosixPath('/home/morg/students/rashkovits/Localized-UNDO/.cache'), 'seed': 42, 'device': 'cuda', 'batch_size': 20, 'gradient_accumulation_steps': 1, 'epochs': 5, 'max_steps': 500, 'validation_steps': [10, 25, 50, 150, 500], 'save_checkpoint_steps': 999, 'scheduler_type': 'cosine', 'weight_decay': 0.0, 'gradient_clipping_threshold': 1.0, 'max_length': 256, 'use_wandb': True, 'wandb_project': 'relearn_bio', 'wandb_run_name': 'data-bio-forget/retain_lr-4.62e-06_model-gemma-2-2b_seed-42_sparse-evals', 'use_local_record': True, 'path_local_record': '/home/morg/students/rashkovits/Localized-UNDO/models/wmdp/local_records/relearned_models/data-bio-forget/retain_lr-4.62e-06_model-gemma-2-2b_seed-42_sparse-evals.txt', 'stopping_strategy': 'all_exhausted', 'overwrite_ok': True, 'save_models': False, 'shrink_perturb_relearning': 0, 'train_percent': None, 'print_message': True, 'learning_rate': 4.62e-06, 'min_lr': 4.62e-06, 'num_warmup_steps': 1}
[loss_functions.py/custom_makedirs] Directory or file already exists: /home/morg/students/rashkovits/Localized-UNDO/models/wmdp/relearned_models/data-bio-forget/retain_lr-4.62e-06_model-gemma-2-2b_seed-42_sparse-evals
[loss_functions.py/custom_makedirs] Created directory: /home/morg/students/rashkovits/Localized-UNDO/models/wmdp/local_records/relearned_models/data-bio-forget
[relearn.py] Loading model /home/morg/students/rashkovits/Localized-UNDO/models/wmdp/gemma-2-2b
[pretrain.py] Loading train dataset from /home/morg/students/rashkovits/Localized-UNDO/datasets/pretrain/train_bio_remove_dataset.jsonl
[pretrain.py] Loading train dataset from /home/morg/students/rashkovits/Localized-UNDO/datasets/pretrain/train_bio_retain_dataset.jsonl
[process_dataset.py] Created sliding windows of length 256
[pretrain.py] Interleave: [0.5, 0.5] for datasets with lengths [10181, 28804]
[pretrain.py] Train dataset size: 57348
[relearn.py] 2868 steps per epoch, 500 steps total
[relearn.py] Using AdamW optimizer, LR=4.62e-06, weight_decay=0.0
[relearn.py] Running initial validation before training
[relearn.py] Starting training
[relearn.py] Epoch 1/5
[relearn.py] Epoch 1/5, Step 1/500, CE loss: 4.812500
[relearn.py] Epoch 1/5, Step 5/500, CE loss: 3.421875
[relearn.py] Epoch 1/5, Step 10/500, CE loss: 2.687500
[relearn.py] Running validation ...
Logging into Hugging Face with token from tokens/hf_token.txt...
[1m[31mCannot authenticate through git-credential as no helper is defined on your machine.
You might have to re-authenticate when pushing to the Hugging Face Hub.
Run the following command in your terminal in case you want to set the 'store' credential helper as default.

git config --global credential.helper store

Read https://git-scm.com/book/en/v2/Git-Tools-Credential-Storage for more details.[0m
Logging into Weights & Biases with token from tokens/wandb_token.txt...
[validation_functions.py] Setting wmdp_bio few shot to [0]
[validation_functions.py] Validation Results:
[validation_functions.py] 	wmdp_bio_limit_None_shots_0: 0.582089552238806
[validation_functions.py] 	wmdp_bio time: 48.36545133590698
[validation_functions.py] 	total time: 50.745776891708374
[relearn.py] Epoch 1/5, Step 15/500, CE loss: 2.796875
[relearn.py] Epoch 1/5, Step 20/500, CE loss: 2.828125
[relearn.py] Epoch 1/5, Step 25/500, CE loss: 2.703125
[relearn.py] Running validation ...
Logging into Hugging Face with token from tokens/hf_token.txt...
[1m[31mCannot authenticate through git-credential as no helper is defined on your machine.
You might have to re-authenticate when pushing to the Hugging Face Hub.
Run the following command in your terminal in case you want to set the 'store' credential helper as default.

git config --global credential.helper store

Read https://git-scm.com/book/en/v2/Git-Tools-Credential-Storage for more details.[0m
Logging into Weights & Biases with token from tokens/wandb_token.txt...
[validation_functions.py] Setting wmdp_bio few shot to [0]
[validation_functions.py] Validation Results:
[validation_functions.py] 	wmdp_bio_limit_None_shots_0: 0.5860172820109977
[validation_functions.py] 	wmdp_bio time: 46.30714559555054
[validation_functions.py] 	total time: 48.733362436294556
[relearn.py] Epoch 1/5, Step 30/500, CE loss: 2.593750
[relearn.py] Epoch 1/5, Step 35/500, CE loss: 2.593750
[relearn.py] Epoch 1/5, Step 40/500, CE loss: 2.562500
[relearn.py] Epoch 1/5, Step 45/500, CE loss: 2.531250
[relearn.py] Epoch 1/5, Step 50/500, CE loss: 2.359375
[relearn.py] Running validation ...
Logging into Hugging Face with token from tokens/hf_token.txt...
[1m[31mCannot authenticate through git-credential as no helper is defined on your machine.
You might have to re-authenticate when pushing to the Hugging Face Hub.
Run the following command in your terminal in case you want to set the 'store' credential helper as default.

git config --global credential.helper store

Read https://git-scm.com/book/en/v2/Git-Tools-Credential-Storage for more details.[0m
Logging into Weights & Biases with token from tokens/wandb_token.txt...
[validation_functions.py] Setting wmdp_bio few shot to [0]
[validation_functions.py] Validation Results:
[validation_functions.py] 	wmdp_bio_limit_None_shots_0: 0.5758051846032993
[validation_functions.py] 	wmdp_bio time: 77.5138669013977
[validation_functions.py] 	total time: 81.41157341003418
[relearn.py] Epoch 1/5, Step 55/500, CE loss: 2.625000
[relearn.py] Epoch 1/5, Step 60/500, CE loss: 2.593750
[relearn.py] Epoch 1/5, Step 65/500, CE loss: 2.437500
[relearn.py] Epoch 1/5, Step 70/500, CE loss: 2.437500
[relearn.py] Epoch 1/5, Step 75/500, CE loss: 2.421875
[relearn.py] Epoch 1/5, Step 80/500, CE loss: 2.312500
[relearn.py] Epoch 1/5, Step 85/500, CE loss: 2.343750
[relearn.py] Epoch 1/5, Step 90/500, CE loss: 2.390625
[relearn.py] Epoch 1/5, Step 95/500, CE loss: 2.531250
[relearn.py] Epoch 1/5, Step 100/500, CE loss: 2.546875
[relearn.py] Epoch 1/5, Step 105/500, CE loss: 2.468750
[relearn.py] Epoch 1/5, Step 110/500, CE loss: 2.343750
[relearn.py] Epoch 1/5, Step 115/500, CE loss: 2.156250
[relearn.py] Epoch 1/5, Step 120/500, CE loss: 2.562500
[relearn.py] Epoch 1/5, Step 125/500, CE loss: 2.250000
[relearn.py] Epoch 1/5, Step 130/500, CE loss: 2.421875
[relearn.py] Epoch 1/5, Step 135/500, CE loss: 2.453125
[relearn.py] Epoch 1/5, Step 140/500, CE loss: 2.328125
[relearn.py] Epoch 1/5, Step 145/500, CE loss: 2.437500
[relearn.py] Epoch 1/5, Step 150/500, CE loss: 2.375000
[relearn.py] Running validation ...
Logging into Hugging Face with token from tokens/hf_token.txt...
[1m[31mCannot authenticate through git-credential as no helper is defined on your machine.
You might have to re-authenticate when pushing to the Hugging Face Hub.
Run the following command in your terminal in case you want to set the 'store' credential helper as default.

git config --global credential.helper store

Read https://git-scm.com/book/en/v2/Git-Tools-Credential-Storage for more details.[0m
Logging into Weights & Biases with token from tokens/wandb_token.txt...
[validation_functions.py] Setting wmdp_bio few shot to [0]
[validation_functions.py] Validation Results:
[validation_functions.py] 	wmdp_bio_limit_None_shots_0: 0.584446190102121
[validation_functions.py] 	wmdp_bio time: 47.38948059082031
[validation_functions.py] 	total time: 50.19081401824951
[relearn.py] Epoch 1/5, Step 155/500, CE loss: 2.375000
[relearn.py] Epoch 1/5, Step 160/500, CE loss: 2.375000
[relearn.py] Epoch 1/5, Step 165/500, CE loss: 2.375000
[relearn.py] Epoch 1/5, Step 170/500, CE loss: 2.437500
[relearn.py] Epoch 1/5, Step 175/500, CE loss: 2.468750
[relearn.py] Epoch 1/5, Step 180/500, CE loss: 2.109375
[relearn.py] Epoch 1/5, Step 185/500, CE loss: 2.328125
[relearn.py] Epoch 1/5, Step 190/500, CE loss: 2.343750
[relearn.py] Epoch 1/5, Step 195/500, CE loss: 2.234375
[relearn.py] Epoch 1/5, Step 200/500, CE loss: 2.390625
[relearn.py] Epoch 1/5, Step 205/500, CE loss: 2.375000
[relearn.py] Epoch 1/5, Step 210/500, CE loss: 2.453125
[relearn.py] Epoch 1/5, Step 215/500, CE loss: 2.328125
[relearn.py] Epoch 1/5, Step 220/500, CE loss: 2.531250
[relearn.py] Epoch 1/5, Step 225/500, CE loss: 2.234375
[relearn.py] Epoch 1/5, Step 230/500, CE loss: 2.375000
[relearn.py] Epoch 1/5, Step 235/500, CE loss: 2.390625
[relearn.py] Epoch 1/5, Step 240/500, CE loss: 2.453125
[relearn.py] Epoch 1/5, Step 245/500, CE loss: 2.406250
[relearn.py] Epoch 1/5, Step 250/500, CE loss: 2.218750
[relearn.py] Epoch 1/5, Step 255/500, CE loss: 2.390625
[relearn.py] Epoch 1/5, Step 260/500, CE loss: 2.312500
[relearn.py] Epoch 1/5, Step 265/500, CE loss: 2.359375
[relearn.py] Epoch 1/5, Step 270/500, CE loss: 2.359375
[relearn.py] Epoch 1/5, Step 275/500, CE loss: 2.234375
[relearn.py] Epoch 1/5, Step 280/500, CE loss: 2.187500
[relearn.py] Epoch 1/5, Step 285/500, CE loss: 2.390625
[relearn.py] Epoch 1/5, Step 290/500, CE loss: 2.328125
[relearn.py] Epoch 1/5, Step 295/500, CE loss: 2.484375
[relearn.py] Epoch 1/5, Step 300/500, CE loss: 2.406250
[relearn.py] Epoch 1/5, Step 305/500, CE loss: 2.343750
[relearn.py] Epoch 1/5, Step 310/500, CE loss: 2.531250
[relearn.py] Epoch 1/5, Step 315/500, CE loss: 2.062500
[relearn.py] Epoch 1/5, Step 320/500, CE loss: 2.375000
[relearn.py] Epoch 1/5, Step 325/500, CE loss: 2.281250
[relearn.py] Epoch 1/5, Step 330/500, CE loss: 2.296875
[relearn.py] Epoch 1/5, Step 335/500, CE loss: 2.312500
[relearn.py] Epoch 1/5, Step 340/500, CE loss: 2.078125
[relearn.py] Epoch 1/5, Step 345/500, CE loss: 2.343750
[relearn.py] Epoch 1/5, Step 350/500, CE loss: 2.281250
[relearn.py] Epoch 1/5, Step 355/500, CE loss: 2.312500
[relearn.py] Epoch 1/5, Step 360/500, CE loss: 2.375000
[relearn.py] Epoch 1/5, Step 365/500, CE loss: 2.375000
[relearn.py] Epoch 1/5, Step 370/500, CE loss: 2.156250
[relearn.py] Epoch 1/5, Step 375/500, CE loss: 2.109375
[relearn.py] Epoch 1/5, Step 380/500, CE loss: 2.265625
[relearn.py] Epoch 1/5, Step 385/500, CE loss: 2.484375
[relearn.py] Epoch 1/5, Step 390/500, CE loss: 2.250000
[relearn.py] Epoch 1/5, Step 395/500, CE loss: 2.265625
[relearn.py] Epoch 1/5, Step 400/500, CE loss: 2.250000
[relearn.py] Epoch 1/5, Step 405/500, CE loss: 2.187500
[relearn.py] Epoch 1/5, Step 410/500, CE loss: 2.265625
[relearn.py] Epoch 1/5, Step 415/500, CE loss: 2.171875
[relearn.py] Epoch 1/5, Step 420/500, CE loss: 2.296875
[relearn.py] Epoch 1/5, Step 425/500, CE loss: 2.312500
[relearn.py] Epoch 1/5, Step 430/500, CE loss: 2.312500
[relearn.py] Epoch 1/5, Step 435/500, CE loss: 2.203125
[relearn.py] Epoch 1/5, Step 440/500, CE loss: 2.406250
[relearn.py] Epoch 1/5, Step 445/500, CE loss: 2.171875
[relearn.py] Epoch 1/5, Step 450/500, CE loss: 2.125000
[relearn.py] Epoch 1/5, Step 455/500, CE loss: 2.250000
[relearn.py] Epoch 1/5, Step 460/500, CE loss: 2.328125
[relearn.py] Epoch 1/5, Step 465/500, CE loss: 2.218750
[relearn.py] Epoch 1/5, Step 470/500, CE loss: 2.375000
[relearn.py] Epoch 1/5, Step 475/500, CE loss: 2.218750
[relearn.py] Epoch 1/5, Step 480/500, CE loss: 2.234375
[relearn.py] Epoch 1/5, Step 485/500, CE loss: 2.281250
[relearn.py] Epoch 1/5, Step 490/500, CE loss: 2.343750
[relearn.py] Epoch 1/5, Step 495/500, CE loss: 2.281250
[relearn.py] Epoch 1/5, Step 500/500, CE loss: 2.406250
[relearn.py] Running validation ...
Logging into Hugging Face with token from tokens/hf_token.txt...
[1m[31mCannot authenticate through git-credential as no helper is defined on your machine.
You might have to re-authenticate when pushing to the Hugging Face Hub.
Run the following command in your terminal in case you want to set the 'store' credential helper as default.

git config --global credential.helper store

Read https://git-scm.com/book/en/v2/Git-Tools-Credential-Storage for more details.[0m
Logging into Weights & Biases with token from tokens/wandb_token.txt...
[validation_functions.py] Setting wmdp_bio few shot to [0]
[validation_functions.py] Validation Results:
[validation_functions.py] 	wmdp_bio_limit_None_shots_0: 0.591516103692066
[validation_functions.py] 	wmdp_bio time: 49.74619483947754
[validation_functions.py] 	total time: 52.20004868507385
[relearn.py] Reached max_steps => Stopping.
All experiments completed!
--------------------------------------------------------
WMDP Relearning Sweep Finished at Tue Apr 14 01:01:52 PM IDT 2026
--------------------------------------------------------
